#
# There is insufficient memory for the Java Runtime Environment to continue.
# Native memory allocation (malloc) failed to allocate 288528 bytes for Chunk::new
# Possible reasons:
#   The system is out of physical RAM or swap space
#   The process is running with CompressedOops enabled, and the Java Heap may be blocking the growth of the native heap
# Possible solutions:
#   Reduce memory load on the system
#   Increase physical memory or swap space
#   Check if swap backing store is full
#   Decrease Java heap size (-Xmx/-Xms)
#   Decrease number of Java threads
#   Decrease Java thread stack sizes (-Xss)
#   Set larger code cache with -XX:ReservedCodeCacheSize=
#   JVM is running with Unscaled Compressed Oops mode in which the Java heap is
#     placed in the first 4GB address space. The Java Heap base address is the
#     maximum limit for the native heap growth. Please use -XX:HeapBaseMinAddress
#     to set the Java Heap base and to place the Java Heap above 4GB virtual address.
# This output file may be truncated or incomplete.
#
#  Out of Memory Error (allocation.cpp:389), pid=12176, tid=0x0000000000001d8c
#
# JRE version: OpenJDK Runtime Environment (8.0_242-b01) (build 1.8.0_242-release-1644-b01)
# Java VM: OpenJDK 64-Bit Server VM (25.242-b01 mixed mode windows-amd64 compressed oops)
# Failed to write core dump. Minidumps are not enabled by default on client versions of Windows
#

---------------  T H R E A D  ---------------

Current thread (0x0000000015d8a000):  JavaThread "C2 CompilerThread2" daemon [_thread_in_native, id=7564, stack(0x0000000016860000,0x0000000016960000)]

Stack: [0x0000000016860000,0x0000000016960000]
[error occurred during error reporting (printing stack bounds), id 0xc0000005]

Native frames: (J=compiled Java code, j=interpreted, Vv=VM code, C=native code)


Current CompileTask:
C2:6071692 31522 %     4       com.android.tools.r8.ir.regalloc.a::a @ 2118 (3992 bytes)


---------------  P R O C E S S  ---------------

Java Threads: ( => current thread )
  0x000000001932f000 JavaThread "stdout" [_thread_in_native, id=7524, stack(0x00000000362d0000,0x00000000363d0000)]
  0x0000000019336000 JavaThread "stderr" [_thread_in_native, id=6736, stack(0x00000000361d0000,0x00000000362d0000)]
  0x000000001932c000 JavaThread "stdout" [_thread_in_native, id=8164, stack(0x00000000360d0000,0x00000000361d0000)]
  0x000000001932e800 JavaThread "stderr" [_thread_in_native, id=15444, stack(0x0000000035fd0000,0x00000000360d0000)]
  0x0000000019331800 JavaThread "stdout" [_thread_in_native, id=15596, stack(0x0000000035ed0000,0x0000000035fd0000)]
  0x0000000019329000 JavaThread "stderr" [_thread_in_native, id=13572, stack(0x0000000035dd0000,0x0000000035ed0000)]
  0x0000000029771000 JavaThread "stdout" [_thread_in_native, id=16092, stack(0x0000000035cd0000,0x0000000035dd0000)]
  0x0000000029769800 JavaThread "stderr" [_thread_in_native, id=1764, stack(0x0000000035990000,0x0000000035a90000)]
  0x0000000029770000 JavaThread "stdout" [_thread_in_native, id=7404, stack(0x00000000353e0000,0x00000000354e0000)]
  0x000000002976b000 JavaThread "stderr" [_thread_in_native, id=2516, stack(0x00000000352e0000,0x00000000353e0000)]
  0x000000002976e800 JavaThread "stdout" [_thread_in_native, id=16104, stack(0x00000000351e0000,0x00000000352e0000)]
  0x000000002976b800 JavaThread "stderr" [_thread_in_native, id=5764, stack(0x00000000350e0000,0x00000000351e0000)]
  0x000000002976d000 JavaThread "stdout" [_thread_in_native, id=14832, stack(0x0000000034eb0000,0x0000000034fb0000)]
  0x000000002976e000 JavaThread "stderr" [_thread_in_native, id=12112, stack(0x000000002ee40000,0x000000002ef40000)]
  0x000000002976f800 JavaThread "stdout" [_thread_in_native, id=9780, stack(0x000000002eac0000,0x000000002ebc0000)]
  0x00000000189bd800 JavaThread "stderr" [_thread_in_native, id=6352, stack(0x000000002e9c0000,0x000000002eac0000)]
  0x00000000189bd000 JavaThread "pool-26-thread-1" [_thread_blocked, id=4592, stack(0x000000002e8c0000,0x000000002e9c0000)]
  0x00000000189b3000 JavaThread "WorkerExecutor Queue Thread 4" [_thread_blocked, id=11088, stack(0x000000002e3c0000,0x000000002e4c0000)]
  0x00000000189b9000 JavaThread "WorkerExecutor Queue Thread 3" [_thread_blocked, id=11140, stack(0x000000002e2c0000,0x000000002e3c0000)]
  0x00000000189b8800 JavaThread "WorkerExecutor Queue" [_thread_blocked, id=10432, stack(0x000000002e0c0000,0x000000002e1c0000)]
  0x00000000189b6000 JavaThread "Cache worker for execution history cache (E:\EasyPaisaTesting\.gradle\6.5\executionHistory)" [_thread_blocked, id=10948, stack(0x000000002dfc0000,0x000000002e0c0000)]
  0x000000001d980800 JavaThread "Execution worker for ':' Thread 7" [_thread_blocked, id=7400, stack(0x000000002dec0000,0x000000002dfc0000)]
  0x000000001d97c800 JavaThread "Execution worker for ':' Thread 6" [_thread_blocked, id=12172, stack(0x000000002ddc0000,0x000000002dec0000)]
  0x000000001d97f800 JavaThread "Execution worker for ':' Thread 5" [_thread_blocked, id=1892, stack(0x000000002dcc0000,0x000000002ddc0000)]
  0x000000001d973800 JavaThread "Execution worker for ':' Thread 4" [_thread_blocked, id=3356, stack(0x000000002dbc0000,0x000000002dcc0000)]
  0x000000001d97a800 JavaThread "Execution worker for ':' Thread 3" [_thread_blocked, id=6384, stack(0x000000002dac0000,0x000000002dbc0000)]
  0x000000001d972000 JavaThread "Execution worker for ':' Thread 2" [_thread_blocked, id=2512, stack(0x000000002d9c0000,0x000000002dac0000)]
  0x000000001d974800 JavaThread "Execution worker for ':'" [_thread_blocked, id=14268, stack(0x000000002d4c0000,0x000000002d5c0000)]
  0x000000001d979000 JavaThread "Cache worker for file content cache (E:\EasyPaisaTesting\.gradle\6.5\fileContent)" [_thread_blocked, id=16044, stack(0x000000002cfc0000,0x000000002d0c0000)]
  0x000000001d971800 JavaThread "pool-25-thread-1" [_thread_blocked, id=16084, stack(0x000000002c770000,0x000000002c870000)]
  0x000000001d978000 JavaThread "Cache worker for Build Output Cleanup Cache (E:\EasyPaisaTesting\.gradle\buildOutputCleanup)" [_thread_blocked, id=14224, stack(0x0000000029430000,0x0000000029530000)]
  0x000000001d977800 JavaThread "Build operations Thread 8" [_thread_blocked, id=9812, stack(0x0000000020c50000,0x0000000020d50000)]
  0x000000001d975000 JavaThread "Build operations Thread 7" [_thread_blocked, id=10332, stack(0x0000000020b50000,0x0000000020c50000)]
  0x000000001d976000 JavaThread "Build operations Thread 6" [_thread_blocked, id=15560, stack(0x0000000020a50000,0x0000000020b50000)]
  0x000000001be05800 JavaThread "Build operations Thread 5" [_thread_blocked, id=11056, stack(0x0000000020950000,0x0000000020a50000)]
  0x000000001be04800 JavaThread "Build operations Thread 4" [_thread_blocked, id=6056, stack(0x0000000020850000,0x0000000020950000)]
  0x000000001bdfc800 JavaThread "Build operations Thread 3" [_thread_blocked, id=4348, stack(0x0000000020750000,0x0000000020850000)]
  0x000000001be00000 JavaThread "Build operations Thread 2" [_thread_blocked, id=10780, stack(0x000000001ef80000,0x000000001f080000)]
  0x000000001be01800 JavaThread "Build operations" [_thread_blocked, id=2016, stack(0x000000001d4d0000,0x000000001d5d0000)]
  0x000000001bdfa000 JavaThread "Cache worker for cache directory md-rule (C:\Users\auranng\.gradle\caches\6.5\md-rule)" [_thread_blocked, id=8800, stack(0x000000001d120000,0x000000001d220000)]
  0x000000001bdf9000 JavaThread "Cache worker for cache directory md-supplier (C:\Users\auranng\.gradle\caches\6.5\md-supplier)" [_thread_blocked, id=1824, stack(0x000000001a780000,0x000000001a880000)]
  0x000000001bdff800 JavaThread "Cache worker for checksums cache (E:\EasyPaisaTesting\.gradle\checksums)" [_thread_blocked, id=16196, stack(0x000000001a680000,0x000000001a780000)]
  0x000000001bdfb800 JavaThread "Cache worker for file hash cache (E:\EasyPaisaTesting\.gradle\6.5\fileHashes)" [_thread_blocked, id=16032, stack(0x000000001a580000,0x000000001a680000)]
  0x000000001bdfe000 JavaThread "Thread-906" [_thread_blocked, id=13044, stack(0x000000001a480000,0x000000001a580000)]
  0x000000001bdf7000 JavaThread "Stdin handler" [_thread_blocked, id=14812, stack(0x000000001a380000,0x000000001a480000)]
  0x000000001bdf6000 JavaThread "Asynchronous log dispatcher for DefaultDaemonConnection: socket connection from /127.0.0.1:49801 to /127.0.0.1:50847" [_thread_blocked, id=548, stack(0x000000001a280000,0x000000001a380000)]
  0x000000001bdf8800 JavaThread "Cancel handler" [_thread_blocked, id=9748, stack(0x0000000019b40000,0x0000000019c40000)]
  0x000000001bdfb000 JavaThread "Handler for socket connection from /127.0.0.1:49801 to /127.0.0.1:50847" [_thread_in_native, id=15428, stack(0x0000000019a40000,0x0000000019b40000)]
  0x000000001d9ca000 JavaThread "jar transforms Thread 552" [_thread_blocked, id=8780, stack(0x0000000029030000,0x0000000029130000)]
  0x000000001d9cb000 JavaThread "jar transforms Thread 551" [_thread_blocked, id=1084, stack(0x0000000028930000,0x0000000028a30000)]
  0x000000001d9c8800 JavaThread "jar transforms Thread 550" [_thread_blocked, id=15044, stack(0x0000000028830000,0x0000000028930000)]
  0x000000001d9c9800 JavaThread "jar transforms Thread 549" [_thread_blocked, id=15544, stack(0x0000000028730000,0x0000000028830000)]
  0x000000001d9cb800 JavaThread "jar transforms Thread 548" [_thread_blocked, id=588, stack(0x0000000028630000,0x0000000028730000)]
  0x000000001d9c8000 JavaThread "jar transforms Thread 547" [_thread_blocked, id=15848, stack(0x0000000027100000,0x0000000027200000)]
  0x000000001d9c6800 JavaThread "jar transforms Thread 546" [_thread_blocked, id=1228, stack(0x0000000026c50000,0x0000000026d50000)]
  0x000000001d9c7000 JavaThread "jar transforms Thread 545" [_thread_blocked, id=14332, stack(0x0000000026b50000,0x0000000026c50000)]
  0x000000001d9c5000 JavaThread "jar transforms Thread 544" [_thread_blocked, id=5552, stack(0x0000000026a50000,0x0000000026b50000)]
  0x000000001d9bd800 JavaThread "jar transforms Thread 543" [_thread_blocked, id=11220, stack(0x0000000026950000,0x0000000026a50000)]
  0x000000001d9c1000 JavaThread "jar transforms Thread 542" [_thread_blocked, id=3896, stack(0x0000000026850000,0x0000000026950000)]
  0x000000001d9c2800 JavaThread "jar transforms Thread 541" [_thread_blocked, id=9864, stack(0x0000000026750000,0x0000000026850000)]
  0x000000001d9c4000 JavaThread "jar transforms Thread 540" [_thread_blocked, id=15448, stack(0x0000000026650000,0x0000000026750000)]
  0x000000001d9c0800 JavaThread "jar transforms Thread 539" [_thread_blocked, id=10604, stack(0x0000000026550000,0x0000000026650000)]
  0x000000001d9bf000 JavaThread "jar transforms Thread 538" [_thread_blocked, id=9832, stack(0x0000000026450000,0x0000000026550000)]
  0x000000001d9c3800 JavaThread "jar transforms Thread 537" [_thread_blocked, id=7864, stack(0x0000000026350000,0x0000000026450000)]
  0x000000001ce89000 JavaThread "jar transforms Thread 536" [_thread_blocked, id=15512, stack(0x0000000026250000,0x0000000026350000)]
  0x000000001ce88000 JavaThread "jar transforms Thread 535" [_thread_blocked, id=5836, stack(0x0000000026150000,0x0000000026250000)]
  0x000000001ce87800 JavaThread "jar transforms Thread 534" [_thread_blocked, id=5384, stack(0x0000000026050000,0x0000000026150000)]
  0x000000001ce86800 JavaThread "jar transforms Thread 533" [_thread_blocked, id=15480, stack(0x0000000025f50000,0x0000000026050000)]
  0x000000001ce84800 JavaThread "jar transforms Thread 532" [_thread_blocked, id=15644, stack(0x0000000025e50000,0x0000000025f50000)]
  0x000000001ce8a800 JavaThread "jar transforms Thread 531" [_thread_blocked, id=4392, stack(0x0000000025d50000,0x0000000025e50000)]
  0x000000001ce85000 JavaThread "jar transforms Thread 530" [_thread_blocked, id=15504, stack(0x0000000025c50000,0x0000000025d50000)]
  0x000000001ce89800 JavaThread "jar transforms Thread 529" [_thread_blocked, id=16268, stack(0x0000000025b50000,0x0000000025c50000)]
  0x000000001ce86000 JavaThread "jar transforms Thread 528" [_thread_blocked, id=1568, stack(0x0000000025a50000,0x0000000025b50000)]
  0x000000001ce7f000 JavaThread "jar transforms Thread 527" [_thread_blocked, id=15016, stack(0x0000000025950000,0x0000000025a50000)]
  0x000000001ce80800 JavaThread "jar transforms Thread 526" [_thread_blocked, id=6052, stack(0x0000000025850000,0x0000000025950000)]
  0x000000001ce83800 JavaThread "jar transforms Thread 525" [_thread_blocked, id=16008, stack(0x0000000025750000,0x0000000025850000)]
  0x000000001ce7e800 JavaThread "jar transforms Thread 524" [_thread_blocked, id=15684, stack(0x0000000025650000,0x0000000025750000)]
  0x000000001ce83000 JavaThread "jar transforms Thread 523" [_thread_blocked, id=8340, stack(0x0000000025550000,0x0000000025650000)]
  0x000000001ce7b800 JavaThread "jar transforms Thread 522" [_thread_blocked, id=6472, stack(0x0000000025450000,0x0000000025550000)]
  0x000000001ce81800 JavaThread "jar transforms Thread 521" [_thread_blocked, id=3448, stack(0x0000000025350000,0x0000000025450000)]
  0x000000001ce7d800 JavaThread "jar transforms Thread 520" [_thread_blocked, id=2424, stack(0x0000000025250000,0x0000000025350000)]
  0x000000001ce7c000 JavaThread "jar transforms Thread 519" [_thread_blocked, id=14728, stack(0x0000000025150000,0x0000000025250000)]
  0x0000000029a46000 JavaThread "jar transforms Thread 518" [_thread_blocked, id=15472, stack(0x0000000025050000,0x0000000025150000)]
  0x0000000029a43800 JavaThread "jar transforms Thread 517" [_thread_blocked, id=15876, stack(0x0000000024f50000,0x0000000025050000)]
  0x0000000029a45000 JavaThread "jar transforms Thread 516" [_thread_blocked, id=11604, stack(0x0000000024e50000,0x0000000024f50000)]
  0x0000000029a44800 JavaThread "jar transforms Thread 515" [_thread_blocked, id=9232, stack(0x0000000024d50000,0x0000000024e50000)]
  0x0000000029a43000 JavaThread "jar transforms Thread 514" [_thread_blocked, id=7188, stack(0x0000000024c50000,0x0000000024d50000)]
  0x0000000029a3b800 JavaThread "jar transforms Thread 513" [_thread_blocked, id=5864, stack(0x0000000024b50000,0x0000000024c50000)]
  0x0000000029a40000 JavaThread "jar transforms Thread 512" [_thread_blocked, id=16180, stack(0x0000000024a50000,0x0000000024b50000)]
  0x0000000029a42000 JavaThread "jar transforms Thread 511" [_thread_blocked, id=5108, stack(0x0000000024950000,0x0000000024a50000)]
  0x0000000029a41800 JavaThread "jar transforms Thread 510" [_thread_blocked, id=7392, stack(0x0000000024850000,0x0000000024950000)]
  0x0000000029a3f000 JavaThread "jar transforms Thread 509" [_thread_blocked, id=15744, stack(0x0000000024750000,0x0000000024850000)]
  0x0000000029a3d000 JavaThread "jar transforms Thread 508" [_thread_blocked, id=13824, stack(0x0000000024650000,0x0000000024750000)]
  0x0000000029a40800 JavaThread "jar transforms Thread 507" [_thread_blocked, id=3336, stack(0x0000000024550000,0x0000000024650000)]
  0x0000000029a3e800 JavaThread "jar transforms Thread 506" [_thread_blocked, id=5116, stack(0x0000000024450000,0x0000000024550000)]
  0x0000000029a33800 JavaThread "jar transforms Thread 505" [_thread_blocked, id=11556, stack(0x0000000024350000,0x0000000024450000)]
  0x0000000029a34800 JavaThread "jar transforms Thread 504" [_thread_blocked, id=6424, stack(0x0000000024250000,0x0000000024350000)]
  0x0000000029a3a800 JavaThread "jar transforms Thread 503" [_thread_blocked, id=12140, stack(0x0000000024150000,0x0000000024250000)]
  0x0000000029a33000 JavaThread "jar transforms Thread 502" [_thread_blocked, id=11820, stack(0x0000000024050000,0x0000000024150000)]
  0x0000000029a37000 JavaThread "jar transforms Thread 501" [_thread_blocked, id=14512, stack(0x0000000023f50000,0x0000000024050000)]
  0x0000000029a36000 JavaThread "jar transforms Thread 500" [_thread_blocked, id=14108, stack(0x0000000023e50000,0x0000000023f50000)]
  0x0000000029a3a000 JavaThread "jar transforms Thread 499" [_thread_blocked, id=14408, stack(0x0000000023d50000,0x0000000023e50000)]
  0x0000000029a39000 JavaThread "jar transforms Thread 498" [_thread_blocked, id=5100, stack(0x0000000023c50000,0x0000000023d50000)]
  0x0000000029a2a000 JavaThread "jar transforms Thread 497" [_thread_blocked, id=13076, stack(0x0000000023b50000,0x0000000023c50000)]
  0x0000000029a30800 JavaThread "jar transforms Thread 496" [_thread_blocked, id=15380, stack(0x0000000023a50000,0x0000000023b50000)]
  0x0000000029a29000 JavaThread "jar transforms Thread 495" [_thread_blocked, id=15364, stack(0x0000000023950000,0x0000000023a50000)]
  0x0000000029a28800 JavaThread "jar transforms Thread 494" [_thread_blocked, id=15372, stack(0x0000000023850000,0x0000000023950000)]
  0x0000000029a2f000 JavaThread "jar transforms Thread 493" [_thread_blocked, id=1956, stack(0x0000000023750000,0x0000000023850000)]
  0x0000000029a27800 JavaThread "jar transforms Thread 492" [_thread_blocked, id=14552, stack(0x0000000023650000,0x0000000023750000)]
  0x0000000029a2e800 JavaThread "jar transforms Thread 491" [_thread_blocked, id=15984, stack(0x0000000023550000,0x0000000023650000)]
  0x0000000029786000 JavaThread "jar transforms Thread 490" [_thread_blocked, id=14244, stack(0x0000000023450000,0x0000000023550000)]
  0x0000000029788800 JavaThread "jar transforms Thread 489" [_thread_blocked, id=8260, stack(0x0000000023350000,0x0000000023450000)]
  0x0000000029787000 JavaThread "jar transforms Thread 488" [_thread_blocked, id=15940, stack(0x0000000023250000,0x0000000023350000)]
  0x0000000029784800 JavaThread "jar transforms Thread 487" [_thread_blocked, id=11720, stack(0x0000000023150000,0x0000000023250000)]
  0x0000000029785800 JavaThread "jar transforms Thread 486" [_thread_blocked, id=7960, stack(0x0000000023050000,0x0000000023150000)]
  0x0000000029787800 JavaThread "jar transforms Thread 485" [_thread_blocked, id=12064, stack(0x0000000022f50000,0x0000000023050000)]
  0x000000002977d000 JavaThread "jar transforms Thread 484" [_thread_blocked, id=13640, stack(0x0000000022e50000,0x0000000022f50000)]
  0x000000002977e000 JavaThread "jar transforms Thread 483" [_thread_blocked, id=8792, stack(0x0000000022d50000,0x0000000022e50000)]
  0x0000000029784000 JavaThread "jar transforms Thread 482" [_thread_blocked, id=6476, stack(0x0000000022c50000,0x0000000022d50000)]
  0x0000000029781800 JavaThread "jar transforms Thread 481" [_thread_blocked, id=8608, stack(0x0000000022b50000,0x0000000022c50000)]
  0x0000000029781000 JavaThread "jar transforms Thread 480" [_thread_blocked, id=14232, stack(0x0000000022a50000,0x0000000022b50000)]
  0x000000002977e800 JavaThread "jar transforms Thread 479" [_thread_blocked, id=12808, stack(0x0000000022950000,0x0000000022a50000)]
  0x000000002977c800 JavaThread "jar transforms Thread 478" [_thread_blocked, id=6184, stack(0x0000000022850000,0x0000000022950000)]
  0x000000002977f800 JavaThread "jar transforms Thread 477" [_thread_blocked, id=12436, stack(0x0000000022750000,0x0000000022850000)]
  0x0000000029783000 JavaThread "jar transforms Thread 476" [_thread_blocked, id=15704, stack(0x0000000022650000,0x0000000022750000)]
  0x0000000029780000 JavaThread "jar transforms Thread 475" [_thread_blocked, id=15528, stack(0x0000000022550000,0x0000000022650000)]
  0x0000000029774800 JavaThread "jar transforms Thread 474" [_thread_blocked, id=8660, stack(0x0000000021de0000,0x0000000021ee0000)]
  0x000000002977a000 JavaThread "jar transforms Thread 473" [_thread_blocked, id=15640, stack(0x0000000021ce0000,0x0000000021de0000)]
  0x000000002977b000 JavaThread "jar transforms Thread 472" [_thread_blocked, id=11080, stack(0x0000000021be0000,0x0000000021ce0000)]
  0x0000000029779800 JavaThread "jar transforms Thread 471" [_thread_blocked, id=4716, stack(0x0000000021850000,0x0000000021950000)]
  0x000000002977b800 JavaThread "jar transforms Thread 470" [_thread_blocked, id=14852, stack(0x0000000021750000,0x0000000021850000)]
  0x0000000029771800 JavaThread "jar transforms Thread 469" [_thread_blocked, id=8452, stack(0x0000000021650000,0x0000000021750000)]
  0x0000000029778800 JavaThread "jar transforms Thread 468" [_thread_blocked, id=2408, stack(0x0000000021550000,0x0000000021650000)]
  0x0000000029774000 JavaThread "jar transforms Thread 467" [_thread_blocked, id=16360, stack(0x0000000021450000,0x0000000021550000)]
  0x0000000029775800 JavaThread "jar transforms Thread 466" [_thread_blocked, id=272, stack(0x0000000021350000,0x0000000021450000)]
  0x0000000029772800 JavaThread "jar transforms Thread 465" [_thread_blocked, id=14200, stack(0x0000000021250000,0x0000000021350000)]
  0x0000000029778000 JavaThread "jar transforms Thread 464" [_thread_blocked, id=1820, stack(0x0000000021150000,0x0000000021250000)]
  0x0000000029777000 JavaThread "jar transforms Thread 463" [_thread_blocked, id=2144, stack(0x0000000021050000,0x0000000021150000)]
  0x0000000029773000 JavaThread "jar transforms Thread 462" [_thread_blocked, id=2624, stack(0x0000000020e50000,0x0000000020f50000)]
  0x000000002976a000 JavaThread "jar transforms Thread 461" [_thread_blocked, id=15368, stack(0x0000000020d50000,0x0000000020e50000)]
  0x0000000019328800 JavaThread "Daemon worker Thread 5" [_thread_blocked, id=14156, stack(0x0000000019f80000,0x000000001a080000)]
  0x000000001932d000 JavaThread "Daemon Thread 5" [_thread_blocked, id=3904, stack(0x0000000000b20000,0x0000000000c20000)]
  0x0000000029a2d800 JavaThread "Cache worker for Java compile cache (C:\Users\auranng\.gradle\caches\6.5\javaCompile)" [_thread_blocked, id=15580, stack(0x000000002c8c0000,0x000000002c9c0000)]
  0x000000001932a800 JavaThread "MarlinRenderer Disposer" daemon [_thread_blocked, id=580, stack(0x000000002d6c0000,0x000000002d7c0000)]
  0x000000001932b800 JavaThread "Java2D Disposer" daemon [_thread_blocked, id=10480, stack(0x000000002d5c0000,0x000000002d6c0000)]
  0x000000001d97c000 JavaThread "Memory manager" [_thread_blocked, id=10576, stack(0x0000000026d50000,0x0000000026e50000)]
  0x00000000170f5800 JavaThread "Cache worker for file content cache (C:\Users\auranng\.gradle\caches\6.5\fileContent)" [_thread_blocked, id=11416, stack(0x000000001f080000,0x000000001f180000)]
  0x00000000170f8800 JavaThread "Cache worker for execution history cache (C:\Users\auranng\.gradle\caches\6.5\executionHistory)" [_thread_blocked, id=11408, stack(0x000000001e880000,0x000000001e980000)]
  0x00000000170fa000 JavaThread "Cache worker for file hash cache (C:\Users\auranng\.gradle\caches\6.5\fileHashes)" [_thread_blocked, id=10108, stack(0x000000001ac80000,0x000000001ad80000)]
  0x00000000170f9800 JavaThread "File lock request listener" [_thread_in_native, id=2536, stack(0x000000001ab80000,0x000000001ac80000)]
  0x0000000018841000 JavaThread "Cache worker for journal cache (C:\Users\auranng\.gradle\caches\journal-1)" [_thread_blocked, id=11340, stack(0x000000001aa80000,0x000000001ab80000)]
  0x0000000016dde800 JavaThread "Daemon periodic checks" [_thread_blocked, id=11316, stack(0x0000000019e80000,0x0000000019f80000)]
  0x00000000176ae000 JavaThread "Incoming local TCP Connector on port 49801" [_thread_in_native, id=11300, stack(0x0000000019c40000,0x0000000019d40000)]
  0x0000000018733000 JavaThread "Daemon health stats" [_thread_blocked, id=2452, stack(0x0000000019600000,0x0000000019700000)]
  0x0000000015e0d800 JavaThread "Service Thread" daemon [_thread_blocked, id=10200, stack(0x0000000016a60000,0x0000000016b60000)]
  0x0000000015d90800 JavaThread "C1 CompilerThread3" daemon [_thread_blocked, id=3984, stack(0x0000000016960000,0x0000000016a60000)]
=>0x0000000015d8a000 JavaThread "C2 CompilerThread2" daemon [_thread_in_native, id=7564, stack(0x0000000016860000,0x0000000016960000)]
  0x0000000013f6b800 JavaThread "C2 CompilerThread1" daemon [_thread_in_native, id=7200, stack(0x0000000016760000,0x0000000016860000)]
  0x0000000013f6a000 JavaThread "C2 CompilerThread0" daemon [_thread_in_native, id=7568, stack(0x0000000016660000,0x0000000016760000)]
  0x0000000015d82000 JavaThread "Attach Listener" daemon [_thread_blocked, id=10288, stack(0x0000000016560000,0x0000000016660000)]
  0x0000000015d86800 JavaThread "Signal Dispatcher" daemon [_thread_blocked, id=12284, stack(0x0000000016460000,0x0000000016560000)]
  0x0000000015d71800 JavaThread "Finalizer" daemon [_thread_blocked, id=12280, stack(0x0000000016250000,0x0000000016350000)]
  0x0000000015d70800 JavaThread "Reference Handler" daemon [_thread_blocked, id=12276, stack(0x0000000016150000,0x0000000016250000)]
  0x00000000003fe000 JavaThread "main" [_thread_blocked, id=12236, stack(0x0000000002590000,0x0000000002690000)]

Other Threads:
  0x0000000013f57800 VMThread [stack: 0x0000000015c50000,0x0000000015d50000] [id=12272]
  0x0000000015e0e800 WatcherThread [stack: 0x0000000016b60000,0x0000000016c60000] [id=10208]

VM state:at safepoint (normal execution)

VM Mutex/Monitor currently owned by a thread:  ([mutex/lock_event])
[0x00000000003fc6b0] Threads_lock - owner thread: 0x0000000013f57800
[0x00000000003fcf30] Heap_lock - owner thread: 0x000000001be01800

OutOfMemory and StackOverflow Exception counts:
OutOfMemoryError java_heap_errors=1

heap address: 0x00000000e0000000, size: 512 MB, Compressed Oops mode: 32-bit
Narrow klass base: 0x0000000000000000, Narrow klass shift: 3
Compressed class space size: 1073741824 Address: 0x0000000100000000

Heap:
 PSYoungGen      total 147456K, used 135665K [0x00000000f5580000, 0x0000000100000000, 0x0000000100000000)
  eden space 120320K, 100% used [0x00000000f5580000,0x00000000fcb00000,0x00000000fcb00000)
  from space 27136K, 56% used [0x00000000fcb00000,0x00000000fd9fc418,0x00000000fe580000)
  to   space 27136K, 29% used [0x00000000fe580000,0x00000000fed6aed0,0x0000000100000000)
 ParOldGen       total 346112K, used 293466K [0x00000000e0000000, 0x00000000f5200000, 0x00000000f5580000)
  object space 346112K, 84% used [0x00000000e0000000,0x00000000f1e96a68,0x00000000f5200000)
 Metaspace       used 126376K, capacity 133648K, committed 136600K, reserved 1167360K
  class space    used 16058K, capacity 17533K, committed 18096K, reserved 1048576K

Card table byte_map: [0x0000000011b50000,0x0000000011c60000] byte_map_base: 0x0000000011450000

Marking Bits: (ParMarkBitMap*) 0x0000000068f1f030
 Begin Bits: [0x0000000012460000, 0x0000000012c60000)
 End Bits:   [0x0000000012c60000, 0x0000000013460000)

Polling page: 0x00000000024a0000

CodeCache: size=245760Kb used=84707Kb max_used=85570Kb free=161052Kb
 bounds [0x0000000002790000, 0x0000000007bc0000, 0x0000000011790000]
 total_blobs=25007 nmethods=23936 adapters=979
 compilation: enabled

Compilation events (10 events):
Event: 6071.375 Thread 0x0000000015d90800 31556 % !   3       com.android.tools.r8.graph.i0::f @ 52 (91 bytes)
Event: 6071.377 Thread 0x0000000015d90800 nmethod 31556% 0x0000000004f53dd0 code [0x0000000004f54020, 0x0000000004f54ed8]
Event: 6071.383 Thread 0x0000000015d90800 31557   !   3       com.android.tools.r8.graph.i0::f (91 bytes)
Event: 6071.384 Thread 0x0000000015d90800 nmethod 31557 0x00000000056409d0 code [0x0000000005640c20, 0x0000000005641a78]
Event: 6071.423 Thread 0x0000000015d90800 31558       2       com.android.tools.r8.t.a.a.a.h.f0::isEmpty (13 bytes)
Event: 6071.424 Thread 0x0000000015d90800 nmethod 31558 0x00000000044a9c90 code [0x00000000044a9de0, 0x00000000044a9f50]
Event: 6071.442 Thread 0x0000000013f6a000 nmethod 31444% 0x0000000005e6c990 code [0x0000000005e6d060, 0x0000000005e730c8]
Event: 6071.444 Thread 0x0000000013f6a000 31553 %     4       com.android.tools.r8.s.a.h.e::b @ 222 (268 bytes)
Event: 6071.503 Thread 0x0000000015d90800 31561       2       com.android.tools.r8.q.a.b.e::a (17 bytes)
Event: 6071.504 Thread 0x0000000015d90800 nmethod 31561 0x0000000006e41690 code [0x0000000006e41820, 0x0000000006e41ba8]

GC Heap History (10 events):
Event: 6069.902 GC heap before
{Heap before GC invocations=167 (full 8):
 PSYoungGen      total 153600K, used 153572K [0x00000000f5580000, 0x0000000100000000, 0x0000000100000000)
  eden space 139776K, 100% used [0x00000000f5580000,0x00000000fde00000,0x00000000fde00000)
  from space 13824K, 99% used [0x00000000ff280000,0x00000000ffff9028,0x0000000100000000)
  to   space 17408K, 0% used [0x00000000fde00000,0x00000000fde00000,0x00000000fef00000)
 ParOldGen       total 346112K, used 225160K [0x00000000e0000000, 0x00000000f5200000, 0x00000000f5580000)
  object space 346112K, 65% used [0x00000000e0000000,0x00000000edbe21c0,0x00000000f5200000)
 Metaspace       used 126346K, capacity 133642K, committed 136600K, reserved 1167360K
  class space    used 16057K, capacity 17532K, committed 18096K, reserved 1048576K
Event: 6069.916 GC heap after
Heap after GC invocations=167 (full 8):
 PSYoungGen      total 157184K, used 6512K [0x00000000f5580000, 0x0000000100000000, 0x0000000100000000)
  eden space 139776K, 0% used [0x00000000f5580000,0x00000000f5580000,0x00000000fde00000)
  from space 17408K, 37% used [0x00000000fde00000,0x00000000fe45c0c0,0x00000000fef00000)
  to   space 16384K, 0% used [0x00000000ff000000,0x00000000ff000000,0x0000000100000000)
 ParOldGen       total 346112K, used 233410K [0x00000000e0000000, 0x00000000f5200000, 0x00000000f5580000)
  object space 346112K, 67% used [0x00000000e0000000,0x00000000ee3f0a90,0x00000000f5200000)
 Metaspace       used 126346K, capacity 133642K, committed 136600K, reserved 1167360K
  class space    used 16057K, capacity 17532K, committed 18096K, reserved 1048576K
}
Event: 6070.443 GC heap before
{Heap before GC invocations=168 (full 8):
 PSYoungGen      total 157184K, used 146288K [0x00000000f5580000, 0x0000000100000000, 0x0000000100000000)
  eden space 139776K, 100% used [0x00000000f5580000,0x00000000fde00000,0x00000000fde00000)
  from space 17408K, 37% used [0x00000000fde00000,0x00000000fe45c0c0,0x00000000fef00000)
  to   space 16384K, 0% used [0x00000000ff000000,0x00000000ff000000,0x0000000100000000)
 ParOldGen       total 346112K, used 233410K [0x00000000e0000000, 0x00000000f5200000, 0x00000000f5580000)
  object space 346112K, 67% used [0x00000000e0000000,0x00000000ee3f0a90,0x00000000f5200000)
 Metaspace       used 126354K, capacity 133642K, committed 136600K, reserved 1167360K
  class space    used 16057K, capacity 17532K, committed 18096K, reserved 1048576K
Event: 6070.458 GC heap after
Heap after GC invocations=168 (full 8):
 PSYoungGen      total 156160K, used 11812K [0x00000000f5580000, 0x0000000100000000, 0x0000000100000000)
  eden space 139776K, 0% used [0x00000000f5580000,0x00000000f5580000,0x00000000fde00000)
  from space 16384K, 72% used [0x00000000ff000000,0x00000000ffb89280,0x0000000100000000)
  to   space 17408K, 0% used [0x00000000fde00000,0x00000000fde00000,0x00000000fef00000)
 ParOldGen       total 346112K, used 237566K [0x00000000e0000000, 0x00000000f5200000, 0x00000000f5580000)
  object space 346112K, 68% used [0x00000000e0000000,0x00000000ee7ff908,0x00000000f5200000)
 Metaspace       used 126354K, capacity 133642K, committed 136600K, reserved 1167360K
  class space    used 16057K, capacity 17532K, committed 18096K, reserved 1048576K
}
Event: 6070.749 GC heap before
{Heap before GC invocations=169 (full 8):
 PSYoungGen      total 156160K, used 151588K [0x00000000f5580000, 0x0000000100000000, 0x0000000100000000)
  eden space 139776K, 100% used [0x00000000f5580000,0x00000000fde00000,0x00000000fde00000)
  from space 16384K, 72% used [0x00000000ff000000,0x00000000ffb89280,0x0000000100000000)
  to   space 17408K, 0% used [0x00000000fde00000,0x00000000fde00000,0x00000000fef00000)
 ParOldGen       total 346112K, used 237566K [0x00000000e0000000, 0x00000000f5200000, 0x00000000f5580000)
  object space 346112K, 68% used [0x00000000e0000000,0x00000000ee7ffa10,0x00000000f5200000)
 Metaspace       used 126362K, capacity 133642K, committed 136600K, reserved 1167360K
  class space    used 16057K, capacity 17532K, committed 18096K, reserved 1048576K
Event: 6070.783 GC heap after
Heap after GC invocations=169 (full 8):
 PSYoungGen      total 151552K, used 11747K [0x00000000f5580000, 0x0000000100000000, 0x0000000100000000)
  eden space 139776K, 0% used [0x00000000f5580000,0x00000000f5580000,0x00000000fde00000)
  from space 11776K, 99% used [0x00000000fde00000,0x00000000fe978e80,0x00000000fe980000)
  to   space 17920K, 0% used [0x00000000fee80000,0x00000000fee80000,0x0000000100000000)
 ParOldGen       total 346112K, used 247127K [0x00000000e0000000, 0x00000000f5200000, 0x00000000f5580000)
  object space 346112K, 71% used [0x00000000e0000000,0x00000000ef155fa0,0x00000000f5200000)
 Metaspace       used 126362K, capacity 133642K, committed 136600K, reserved 1167360K
  class space    used 16057K, capacity 17532K, committed 18096K, reserved 1048576K
}
Event: 6070.940 GC heap before
{Heap before GC invocations=170 (full 8):
 PSYoungGen      total 151552K, used 151523K [0x00000000f5580000, 0x0000000100000000, 0x0000000100000000)
  eden space 139776K, 100% used [0x00000000f5580000,0x00000000fde00000,0x00000000fde00000)
  from space 11776K, 99% used [0x00000000fde00000,0x00000000fe978e80,0x00000000fe980000)
  to   space 17920K, 0% used [0x00000000fee80000,0x00000000fee80000,0x0000000100000000)
 ParOldGen       total 346112K, used 247197K [0x00000000e0000000, 0x00000000f5200000, 0x00000000f5580000)
  object space 346112K, 71% used [0x00000000e0000000,0x00000000ef1676e0,0x00000000f5200000)
 Metaspace       used 126367K, capacity 133648K, committed 136600K, reserved 1167360K
  class space    used 16058K, capacity 17533K, committed 18096K, reserved 1048576K
Event: 6070.963 GC heap after
Heap after GC invocations=170 (full 8):
 PSYoungGen      total 138240K, used 17908K [0x00000000f5580000, 0x0000000100000000, 0x0000000100000000)
  eden space 120320K, 0% used [0x00000000f5580000,0x00000000f5580000,0x00000000fcb00000)
  from space 17920K, 99% used [0x00000000fee80000,0x00000000ffffd158,0x0000000100000000)
  to   space 27136K, 0% used [0x00000000fcb00000,0x00000000fcb00000,0x00000000fe580000)
 ParOldGen       total 346112K, used 263432K [0x00000000e0000000, 0x00000000f5200000, 0x00000000f5580000)
  object space 346112K, 76% used [0x00000000e0000000,0x00000000f01422a8,0x00000000f5200000)
 Metaspace       used 126367K, capacity 133648K, committed 136600K, reserved 1167360K
  class space    used 16058K, capacity 17533K, committed 18096K, reserved 1048576K
}
Event: 6071.083 GC heap before
{Heap before GC invocations=171 (full 8):
 PSYoungGen      total 138240K, used 138228K [0x00000000f5580000, 0x0000000100000000, 0x0000000100000000)
  eden space 120320K, 100% used [0x00000000f5580000,0x00000000fcb00000,0x00000000fcb00000)
  from space 17920K, 99% used [0x00000000fee80000,0x00000000ffffd158,0x0000000100000000)
  to   space 27136K, 0% used [0x00000000fcb00000,0x00000000fcb00000,0x00000000fe580000)
 ParOldGen       total 346112K, used 263536K [0x00000000e0000000, 0x00000000f5200000, 0x00000000f5580000)
  object space 346112K, 76% used [0x00000000e0000000,0x00000000f015c388,0x00000000f5200000)
 Metaspace       used 126367K, capacity 133648K, committed 136600K, reserved 1167360K
  class space    used 16058K, capacity 17533K, committed 18096K, reserved 1048576K
Event: 6071.275 GC heap after
Heap after GC invocations=171 (full 8):
 PSYoungGen      total 147456K, used 15345K [0x00000000f5580000, 0x0000000100000000, 0x0000000100000000)
  eden space 120320K, 0% used [0x00000000f5580000,0x00000000f5580000,0x00000000fcb00000)
  from space 27136K, 56% used [0x00000000fcb00000,0x00000000fd9fc418,0x00000000fe580000)
  to   space 27136K, 0% used [0x00000000fe580000,0x00000000fe580000,0x0000000100000000)
 ParOldGen       total 346112K, used 280758K [0x00000000e0000000, 0x00000000f5200000, 0x00000000f5580000)
  object space 346112K, 81% used [0x00000000e0000000,0x00000000f122d8b8,0x00000000f5200000)
 Metaspace       used 126367K, capacity 133648K, committed 136600K, reserved 1167360K
  class space    used 16058K, capacity 17533K, committed 18096K, reserved 1048576K
}

Deoptimization events (10 events):
Event: 6070.871 Thread 0x000000001d977800 Uncommon trap: reason=bimorphic action=maybe_recompile pc=0x0000000005e8ef0c method=com.android.tools.r8.s.a.h.e.a(Lcom/android/tools/r8/s/b/U0;)V @ 75
Event: 6070.901 Thread 0x000000001be05800 Uncommon trap: reason=unstable_if action=reinterpret pc=0x00000000047a8d80 method=com.android.tools.r8.graph.I0$c.a()V @ 209
Event: 6070.906 Thread 0x000000001d977800 Uncommon trap: reason=bimorphic action=maybe_recompile pc=0x0000000005e8ef0c method=com.android.tools.r8.s.a.h.e.a(Lcom/android/tools/r8/s/b/U0;)V @ 75
Event: 6070.925 Thread 0x000000001be04800 Uncommon trap: reason=unstable_if action=reinterpret pc=0x00000000052e6170 method=com.android.tools.r8.z.a.a.B.a()Ljava/lang/String; @ 8
Event: 6071.001 Thread 0x000000001d977800 Uncommon trap: reason=unstable_if action=reinterpret pc=0x0000000005f5ff98 method=com.android.tools.r8.ir.optimize.a0.a(Lcom/android/tools/r8/s/b/o;Lcom/android/tools/r8/ir/regalloc/e;Ljava/util/Set;Lcom/android/tools/r8/ir/optimize/E;)V @ 202
Event: 6071.032 Thread 0x000000001d977800 Uncommon trap: reason=unstable_if action=reinterpret pc=0x000000000402eb24 method=com.android.tools.r8.s.b.k0.r1()Z @ 32
Event: 6071.032 Thread 0x000000001d977800 Uncommon trap: reason=unstable_if action=reinterpret pc=0x0000000005a5c504 method=com.android.tools.r8.ir.optimize.l.q(Lcom/android/tools/r8/s/b/X;)V @ 311
Event: 6071.333 Thread 0x000000001d977800 Uncommon trap: reason=bimorphic action=maybe_recompile pc=0x0000000005e8ef0c method=com.android.tools.r8.s.a.h.e.a(Lcom/android/tools/r8/s/b/U0;)V @ 75
Event: 6071.371 Thread 0x000000001d975000 Uncommon trap: reason=unstable_if action=reinterpret pc=0x00000000051eb044 method=com.android.tools.r8.utils.Y.d(I)Z @ 45
Event: 6071.371 Thread 0x000000001d975000 Uncommon trap: reason=unstable_if action=reinterpret pc=0x0000000003f6168c method=com.android.tools.r8.utils.Y.d(I)Z @ 45

Classes redefined (0 events):
No events

Internal exceptions (10 events):
Event: 6070.783 Thread 0x000000001be04800 Exception <a 'sun/nio/fs/WindowsException'> (0x00000000f580c8b0) thrown at [C:\src\AOSP-openjdk-git\hotspot\src\share\vm\prims\jni.cpp, line 710]
Event: 6070.784 Thread 0x000000001be05800 Exception <a 'sun/nio/fs/WindowsException'> (0x00000000f560cb88) thrown at [C:\src\AOSP-openjdk-git\hotspot\src\share\vm\prims\jni.cpp, line 710]
Event: 6070.795 Thread 0x000000001bdfc800 Exception <a 'sun/nio/fs/WindowsException'> (0x00000000f638dbe8) thrown at [C:\src\AOSP-openjdk-git\hotspot\src\share\vm\prims\jni.cpp, line 710]
Event: 6070.803 Thread 0x000000001be05800 Exception <a 'sun/nio/fs/WindowsException'> (0x00000000f6b51ff0) thrown at [C:\src\AOSP-openjdk-git\hotspot\src\share\vm\prims\jni.cpp, line 710]
Event: 6070.899 Thread 0x000000001be05800 Exception <a 'sun/nio/fs/WindowsException'> (0x00000000fb86c3f0) thrown at [C:\src\AOSP-openjdk-git\hotspot\src\share\vm\prims\jni.cpp, line 710]
Event: 6070.921 Thread 0x000000001be04800 Exception <a 'sun/nio/fs/WindowsException'> (0x00000000fcba5278) thrown at [C:\src\AOSP-openjdk-git\hotspot\src\share\vm\prims\jni.cpp, line 710]
Event: 6071.071 Thread 0x000000001be00000 Exception <a 'sun/nio/fs/WindowsException'> (0x00000000fc2a2208) thrown at [C:\src\AOSP-openjdk-git\hotspot\src\share\vm\prims\jni.cpp, line 710]
Event: 6071.347 Thread 0x000000001d975000 Exception <a 'sun/nio/fs/WindowsException'> (0x00000000f59d36b8) thrown at [C:\src\AOSP-openjdk-git\hotspot\src\share\vm\prims\jni.cpp, line 710]
Event: 6071.440 Thread 0x000000001be05800 Exception <a 'sun/nio/fs/WindowsException'> (0x00000000f752ada0) thrown at [C:\src\AOSP-openjdk-git\hotspot\src\share\vm\prims\jni.cpp, line 710]
Event: 6071.520 Thread 0x000000001d977800 Exception <a 'sun/nio/fs/WindowsException'> (0x00000000f8c0d5f8) thrown at [C:\src\AOSP-openjdk-git\hotspot\src\share\vm\prims\jni.cpp, line 710]

Events (10 events):
Event: 6071.523 loading class com/android/tools/r8/utils/StringDiagnostic
Event: 6071.523 loading class com/android/tools/r8/utils/StringDiagnostic done
Event: 6071.548 Thread 0x000000001be04800 DEOPT PACKING pc=0x0000000005721747 sp=0x0000000020949ec0
Event: 6071.548 Thread 0x000000001be04800 DEOPT UNPACKING pc=0x00000000027d75d0 sp=0x0000000020949d80 mode 0
Event: 6071.556 Thread 0x000000001be04800 DEOPT PACKING pc=0x0000000005ddce67 sp=0x000000002094a440
Event: 6071.556 Thread 0x000000001be04800 DEOPT UNPACKING pc=0x00000000027d75d0 sp=0x000000002094a338 mode 0
Event: 6071.560 Thread 0x000000001be01800 DEOPT PACKING pc=0x0000000005448f92 sp=0x000000001d5c9b40
Event: 6071.560 Thread 0x000000001be01800 DEOPT UNPACKING pc=0x00000000027d75d0 sp=0x000000001d5c9920 mode 0
Event: 6071.582 Thread 0x000000001be04800 DEOPT PACKING pc=0x00000000078eaf6d sp=0x000000002094a500
Event: 6071.583 Thread 0x000000001be04800 DEOPT UNPACKING pc=0x00000000027d75d0 sp=0x000000002094a370 mode 0


Dynamic libraries:
0x00007ff663f60000 - 0x00007ff663f91000 	C:\Program Files\Android\Android Studio\jre\bin\java.exe
0x00007fffe3d20000 - 0x00007fffe3f10000 	C:\Windows\SYSTEM32\ntdll.dll
0x00007fffe1ea0000 - 0x00007fffe1f52000 	C:\Windows\System32\KERNEL32.DLL
0x00007fffe1a60000 - 0x00007fffe1d05000 	C:\Windows\System32\KERNELBASE.dll
0x00007fffe20c0000 - 0x00007fffe2163000 	C:\Windows\System32\ADVAPI32.dll
0x00007fffe3920000 - 0x00007fffe39be000 	C:\Windows\System32\msvcrt.dll
0x00007fffe2430000 - 0x00007fffe24c7000 	C:\Windows\System32\sechost.dll
0x00007fffe2310000 - 0x00007fffe242f000 	C:\Windows\System32\RPCRT4.dll
0x00007fffe2170000 - 0x00007fffe2304000 	C:\Windows\System32\USER32.dll
0x00007fffe1830000 - 0x00007fffe1851000 	C:\Windows\System32\win32u.dll
0x00007fffe2cd0000 - 0x00007fffe2cf6000 	C:\Windows\System32\GDI32.dll
0x00007fffe0ca0000 - 0x00007fffe0e38000 	C:\Windows\System32\gdi32full.dll
0x00007fffe1d30000 - 0x00007fffe1dce000 	C:\Windows\System32\msvcp_win.dll
0x00007fffe1910000 - 0x00007fffe1a0a000 	C:\Windows\System32\ucrtbase.dll
0x00007fffce5d0000 - 0x00007fffce854000 	C:\Windows\WinSxS\amd64_microsoft.windows.common-controls_6595b64144ccf1df_6.0.18362.1316_none_9e7a364fe461dbd7\COMCTL32.dll
0x00007fffe2570000 - 0x00007fffe28a7000 	C:\Windows\System32\combase.dll
0x00007fffe0e40000 - 0x00007fffe0ec1000 	C:\Windows\System32\bcryptPrimitives.dll
0x00007fffe2540000 - 0x00007fffe256e000 	C:\Windows\System32\IMM32.DLL
0x0000000068590000 - 0x0000000068662000 	C:\Program Files\Android\Android Studio\jre\jre\bin\msvcr100.dll
0x0000000068750000 - 0x0000000068f9b000 	C:\Program Files\Android\Android Studio\jre\jre\bin\server\jvm.dll
0x00007fffe2940000 - 0x00007fffe2948000 	C:\Windows\System32\PSAPI.DLL
0x00007fffc5090000 - 0x00007fffc5099000 	C:\Windows\SYSTEM32\WSOCK32.dll
0x00007fffde850000 - 0x00007fffde874000 	C:\Windows\SYSTEM32\WINMM.dll
0x00007fffe2a00000 - 0x00007fffe2a6f000 	C:\Windows\System32\WS2_32.dll
0x00007fffd8f80000 - 0x00007fffd8f8a000 	C:\Windows\SYSTEM32\VERSION.dll
0x00007fffde380000 - 0x00007fffde3ad000 	C:\Windows\SYSTEM32\winmmbase.dll
0x00007fffe1a10000 - 0x00007fffe1a5a000 	C:\Windows\System32\cfgmgr32.dll
0x00007fffba0e0000 - 0x00007fffba0ef000 	C:\Program Files\Android\Android Studio\jre\jre\bin\verify.dll
0x00007fffb94c0000 - 0x00007fffb94e9000 	C:\Program Files\Android\Android Studio\jre\jre\bin\java.dll
0x00007fffb89f0000 - 0x00007fffb8a06000 	C:\Program Files\Android\Android Studio\jre\jre\bin\zip.dll
0x00007fffe31d0000 - 0x00007fffe38b8000 	C:\Windows\System32\SHELL32.dll
0x00007fffe2c20000 - 0x00007fffe2cc7000 	C:\Windows\System32\shcore.dll
0x00007fffe0f00000 - 0x00007fffe167b000 	C:\Windows\System32\windows.storage.dll
0x00007fffe0c50000 - 0x00007fffe0c73000 	C:\Windows\System32\profapi.dll
0x00007fffe0c00000 - 0x00007fffe0c4a000 	C:\Windows\System32\powrprof.dll
0x00007fffe0bd0000 - 0x00007fffe0be0000 	C:\Windows\System32\UMPDC.dll
0x00007fffe3aa0000 - 0x00007fffe3af2000 	C:\Windows\System32\shlwapi.dll
0x00007fffe0be0000 - 0x00007fffe0bf1000 	C:\Windows\System32\kernel.appcore.dll
0x00007fffe1d10000 - 0x00007fffe1d27000 	C:\Windows\System32\cryptsp.dll
0x00007fffb89d0000 - 0x00007fffb89ea000 	C:\Program Files\Android\Android Studio\jre\jre\bin\net.dll
0x00007fffe03b0000 - 0x00007fffe0417000 	C:\Windows\system32\mswsock.dll
0x00007fffb80c0000 - 0x00007fffb80d3000 	C:\Program Files\Android\Android Studio\jre\jre\bin\nio.dll
0x00007fffc7b00000 - 0x00007fffc7b27000 	C:\Users\auranng\.gradle\native\f6784746aeab05261644944871eae4fe03e0ef1612fff0a4a95f87b438bc6780\windows-amd64\native-platform.dll
0x00007fffb97c0000 - 0x00007fffb97cd000 	C:\Program Files\Android\Android Studio\jre\jre\bin\management.dll
0x00007fffdff30000 - 0x00007fffdff63000 	C:\Windows\system32\rsaenh.dll
0x00007fffe0ed0000 - 0x00007fffe0ef6000 	C:\Windows\System32\bcrypt.dll
0x00007fffe0af0000 - 0x00007fffe0b15000 	C:\Windows\SYSTEM32\USERENV.dll
0x00007fffe0580000 - 0x00007fffe058c000 	C:\Windows\SYSTEM32\CRYPTBASE.dll
0x00007fffe00c0000 - 0x00007fffe00fa000 	C:\Windows\SYSTEM32\IPHLPAPI.DLL
0x00007fffe3a90000 - 0x00007fffe3a98000 	C:\Windows\System32\NSI.dll
0x00007fffd2450000 - 0x00007fffd2466000 	C:\Windows\SYSTEM32\dhcpcsvc6.DLL
0x00007fffd2490000 - 0x00007fffd24ac000 	C:\Windows\SYSTEM32\dhcpcsvc.DLL
0x00007fffe0100000 - 0x00007fffe01cb000 	C:\Windows\SYSTEM32\DNSAPI.dll
0x00007fffd2440000 - 0x00007fffd244b000 	C:\Windows\SYSTEM32\WINNSI.DLL
0x00007fffb0050000 - 0x00007fffb01ec000 	C:\Program Files\Android\Android Studio\jre\jre\bin\awt.dll
0x00007fffe39c0000 - 0x00007fffe3a85000 	C:\Windows\System32\OLEAUT32.dll
0x00007fffdf0b0000 - 0x00007fffdf0dd000 	C:\Windows\SYSTEM32\dwmapi.dll
0x00007fffdd4d0000 - 0x00007fffdda90000 	C:\Windows\SYSTEM32\d2d1.dll
0x00007fffdea80000 - 0x00007fffdeb0f000 	C:\Windows\SYSTEM32\apphelp.dll
0x00007fffdeb80000 - 0x00007fffdec19000 	C:\Windows\system32\uxtheme.dll
0x00007fffc8590000 - 0x00007fffc85b4000 	C:\Program Files\Android\Android Studio\jre\jre\bin\sunec.dll
0x00007fffd96f0000 - 0x00007fffd96fb000 	C:\Program Files\Android\Android Studio\jre\jre\bin\sunmscapi.dll
0x00007fffe16e0000 - 0x00007fffe182a000 	C:\Windows\System32\CRYPT32.dll
0x00007fffe0c80000 - 0x00007fffe0c92000 	C:\Windows\System32\MSASN1.dll
0x00007fffcd160000 - 0x00007fffcd16a000 	C:\Windows\System32\rasadhlp.dll
0x00007fffcf430000 - 0x00007fffcf4a7000 	C:\Windows\System32\fwpuclnt.dll
0x00007fffdfc10000 - 0x00007fffdfc41000 	C:\Windows\SYSTEM32\ntmarta.dll

VM Arguments:
jvm_args: -Xmx512m -Dfile.encoding=UTF-8 -Duser.country=US -Duser.language=en -Duser.variant 
java_command: org.gradle.launcher.daemon.bootstrap.GradleDaemon 6.5
java_class_path (initial): C:\Users\auranng\.gradle\wrapper\dists\gradle-6.5-all\2oz4ud9k3tuxjg84bbf55q0tn\gradle-6.5\lib\gradle-launcher-6.5.jar
Launcher Type: SUN_STANDARD

Environment Variables:
PATH=C:\Windows\system32;C:\Windows;C:\Windows\System32\Wbem;C:\Windows\System32\WindowsPowerShell\v1.0\;C:\Windows\System32\OpenSSH\;C:\Users\auranng\AppData\Local\Microsoft\WindowsApps;
USERNAME=auranng
OS=Windows_NT
PROCESSOR_IDENTIFIER=Intel64 Family 6 Model 142 Stepping 12, GenuineIntel



---------------  S Y S T E M  ---------------

OS: Windows 10.0 , 64 bit Build 18362 (10.0.18362.1316)

CPU:total 8 (initial active 8) (4 cores per cpu, 2 threads per core) family 6 model 142 stepping 12, cmov, cx8, fxsr, mmx, sse, sse2, sse3, ssse3, sse4.1, sse4.2, popcnt, avx, avx2, aes, clmul, erms, 3dnowpref, lzcnt, ht, tsc, tscinvbit, bmi1, bmi2, adx

Memory: 4k page, physical 7770688k(379744k free), swap 23316868k(1056k free)

vm_info: OpenJDK 64-Bit Server VM (25.242-b01) for windows-amd64 JRE (1.8.0_242-release-1644-b01), built by "builder" with MS VC++ 10.0 (VS2010)

time: Wed Jan 27 14:50:11 2021
timezone: Pakistan Standard Time
elapsed time: 6071 seconds (0d 1h 41m 11s)

